# JRE version: Java(TM) SE Runtime Environment (8.0_191-b12) (build 1.8.0_191-b12)
# Java VM: Java HotSpot(TM) Client VM (25.191-b12 mixed mode windows-x86 )
Heap:
 def new generation   total 157248K, used 6909K [0x04c00000, 0x0f6a0000, 0x0f6a0000)
  eden space 139776K,   4% used [0x04c00000, 0x052bf468, 0x0d480000)
  from space 17472K,   0% used [0x0d480000, 0x0d480000, 0x0e590000)
  to   space 17472K,   0% used [0x0e590000, 0x0e590000, 0x0f6a0000)
 tenured generation   total 349568K, used 278895K [0x0f6a0000, 0x24c00000, 0x24c00000)
   the space 349568K,  79% used [0x0f6a0000, 0x206fbff0, 0x206fc000, 0x24c00000)
 Metaspace       used 22055K, capacity 22597K, committed 22656K, reserved 22912K
GC Heap History (10 events):
Event: 116.359 GC heap before
{Heap before GC invocations=15 (full 4):
 def new generation   total 86976K, used 74043K [0x04c00000, 0x0aa60000, 0x0f6a0000)
  eden space 77312K,  83% used [0x04c00000, 0x08adede8, 0x09780000)
  from space 9664K, 100% used [0x09780000, 0x0a0f0000, 0x0a0f0000)
  to   space 9664K,   0% used [0x0a0f0000, 0x0a0f0000, 0x0aa60000)
 tenured generation   total 193200K, used 133236K [0x0f6a0000, 0x1b34c000, 0x24c00000)
   the space 193200K,  68% used [0x0f6a0000, 0x178bd3c0, 0x178bd400, 0x1b34c000)
 Metaspace       used 21782K, capacity 22339K, committed 22400K, reserved 22912K
Event: 116.453 GC heap after
Heap after GC invocations=16 (full 4):
 def new generation   total 86976K, used 9663K [0x04c00000, 0x0aa60000, 0x0f6a0000)
  eden space 77312K,   0% used [0x04c00000, 0x04c00000, 0x09780000)
  from space 9664K,  99% used [0x0a0f0000, 0x0aa5fff8, 0x0aa60000)
  to   space 9664K,   0% used [0x09780000, 0x09780000, 0x0a0f0000)
 tenured generation   total 193200K, used 161773K [0x0f6a0000, 0x1b34c000, 0x24c00000)
   the space 193200K,  83% used [0x0f6a0000, 0x1949b610, 0x1949b800, 0x1b34c000)
 Metaspace       used 21782K, capacity 22339K, committed 22400K, reserved 22912K
}
Event: 118.429 GC heap before
{Heap before GC invocations=16 (full 4):
 def new generation   total 86976K, used 86975K [0x04c00000, 0x0aa60000, 0x0f6a0000)
  eden space 77312K, 100% used [0x04c00000, 0x09780000, 0x09780000)
  from space 9664K,  99% used [0x0a0f0000, 0x0aa5fff8, 0x0aa60000)
  to   space 9664K,   0% used [0x09780000, 0x09780000, 0x0a0f0000)
 tenured generation   total 193200K, used 161773K [0x0f6a0000, 0x1b34c000, 0x24c00000)
   the space 193200K,  83% used [0x0f6a0000, 0x1949b660, 0x1949b800, 0x1b34c000)
 Metaspace       used 21782K, capacity 22339K, committed 22400K, reserved 22912K
Event: 118.479 GC heap after
Heap after GC invocations=17 (full 4):
 def new generation   total 86976K, used 9663K [0x04c00000, 0x0aa60000, 0x0f6a0000)
  eden space 77312K,   0% used [0x04c00000, 0x04c00000, 0x09780000)
  from space 9664K,  99% used [0x09780000, 0x0a0efff8, 0x0a0f0000)
  to   space 9664K,   0% used [0x0a0f0000, 0x0a0f0000, 0x0aa60000)
 tenured generation   total 193200K, used 189042K [0x0f6a0000, 0x1b34c000, 0x24c00000)
   the space 193200K,  97% used [0x0f6a0000, 0x1af3cb08, 0x1af3cc00, 0x1b34c000)
 Metaspace       used 21782K, capacity 22339K, committed 22400K, reserved 22912K
}
Event: 119.714 GC heap before
{Heap before GC invocations=17 (full 4):
 def new generation   total 86976K, used 86975K [0x04c00000, 0x0aa60000, 0x0f6a0000)
  eden space 77312K, 100% used [0x04c00000, 0x09780000, 0x09780000)
  from space 9664K,  99% used [0x09780000, 0x0a0efff8, 0x0a0f0000)
  to   space 9664K,   0% used [0x0a0f0000, 0x0a0f0000, 0x0aa60000)
 tenured generation   total 193200K, used 189042K [0x0f6a0000, 0x1b34c000, 0x24c00000)
   the space 193200K,  97% used [0x0f6a0000, 0x1af3cb08, 0x1af3cc00, 0x1b34c000)
 Metaspace       used 21782K, capacity 22339K, committed 22400K, reserved 22912K
Event: 120.171 GC heap after
Heap after GC invocations=18 (full 5):
 def new generation   total 115200K, used 0K [0x04c00000, 0x0c8f0000, 0x0f6a0000)
  eden space 102464K,   0% used [0x04c00000, 0x04c00000, 0x0b010000)
  from space 12736K,   0% used [0x0b010000, 0x0b010000, 0x0bc80000)
  to   space 12736K,   0% used [0x0bc80000, 0x0bc80000, 0x0c8f0000)
 tenured generation   total 255728K, used 153435K [0x0f6a0000, 0x1f05c000, 0x24c00000)
   the space 255728K,  59% used [0x0f6a0000, 0x18c76f80, 0x18c77000, 0x1f05c000)
 Metaspace       used 21782K, capacity 22339K, committed 22400K, reserved 22912K
}
Event: 120.721 GC heap before
{Heap before GC invocations=18 (full 5):
 def new generation   total 115200K, used 102464K [0x04c00000, 0x0c8f0000, 0x0f6a0000)
  eden space 102464K, 100% used [0x04c00000, 0x0b010000, 0x0b010000)
  from space 12736K,   0% used [0x0b010000, 0x0b010000, 0x0bc80000)
  to   space 12736K,   0% used [0x0bc80000, 0x0bc80000, 0x0c8f0000)
 tenured generation   total 255728K, used 153435K [0x0f6a0000, 0x1f05c000, 0x24c00000)
   the space 255728K,  59% used [0x0f6a0000, 0x18c76f80, 0x18c77000, 0x1f05c000)
 Metaspace       used 21872K, capacity 22437K, committed 22528K, reserved 22912K
Event: 120.905 GC heap after
Heap after GC invocations=19 (full 5):
 def new generation   total 115200K, used 12736K [0x04c00000, 0x0c8f0000, 0x0f6a0000)
  eden space 102464K,   0% used [0x04c00000, 0x04c00000, 0x0b010000)
  from space 12736K, 100% used [0x0bc80000, 0x0c8f0000, 0x0c8f0000)
  to   space 12736K,   0% used [0x0b010000, 0x0b010000, 0x0bc80000)
 tenured generation   total 255728K, used 200791K [0x0f6a0000, 0x1f05c000, 0x24c00000)
   the space 255728K,  78% used [0x0f6a0000, 0x1bab5d78, 0x1bab5e00, 0x1f05c000)
 Metaspace       used 21872K, capacity 22437K, committed 22528K, reserved 22912K
}
Event: 121.564 GC heap before
{Heap before GC invocations=19 (full 5):
 def new generation   total 115200K, used 115200K [0x04c00000, 0x0c8f0000, 0x0f6a0000)
  eden space 102464K, 100% used [0x04c00000, 0x0b010000, 0x0b010000)
  from space 12736K, 100% used [0x0bc80000, 0x0c8f0000, 0x0c8f0000)
  to   space 12736K,   0% used [0x0b010000, 0x0b010000, 0x0bc80000)
 tenured generation   total 255728K, used 200791K [0x0f6a0000, 0x1f05c000, 0x24c00000)
   the space 255728K,  78% used [0x0f6a0000, 0x1bab5d78, 0x1bab5e00, 0x1f05c000)
 Metaspace       used 22055K, capacity 22597K, committed 22656K, reserved 22912K
Event: 122.538 GC heap after
Heap after GC invocations=20 (full 6):
 def new generation   total 157248K, used 1613K [0x04c00000, 0x0f6a0000, 0x0f6a0000)
  eden space 139776K,   1% used [0x04c00000, 0x04d93730, 0x0d480000)
  from space 17472K,   0% used [0x0d480000, 0x0d480000, 0x0e590000)
  to   space 17472K,   0% used [0x0e590000, 0x0e590000, 0x0f6a0000)
 tenured generation   total 349568K, used 278895K [0x0f6a0000, 0x24c00000, 0x24c00000)
   the space 349568K,  79% used [0x0f6a0000, 0x206fbff0, 0x206fc000, 0x24c00000)
 Metaspace       used 22055K, capacity 22597K, committed 22656K, reserved 22912K
}

